<?xml version="1.0" encoding="UTF-8"?>
<!-- Generated by org.testng.reporters.JUnitReportReporter -->
<testsuite hostname="DESKTOP-NEPHUEL" failures="0" tests="2" name="com.TestCase.Register" time="0.017" errors="0" timestamp="2025-05-20T13:13:24 IST" skipped="0">
  <testcase classname="com.TestCase.Register" name="testData" time="0.015"/>
  <testcase classname="com.TestCase.Register" name="testRegisterdata" time="0.002"/>
</testsuite> <!-- com.TestCase.Register -->
