<?xml version="1.0" encoding="UTF-8"?>
<!-- Generated by org.testng.reporters.JUnitReportReporter -->
<testsuite hostname="DESKTOP-NEPHUEL" failures="0" tests="3" name="com.TestCase.Login" time="0.006" errors="0" timestamp="2025-05-20T13:13:24 IST" skipped="0">
  <testcase classname="com.TestCase.Login" name="testSymbol" time="0.002"/>
  <testcase classname="com.TestCase.Login" name="testvalid" time="0.003"/>
  <testcase classname="com.TestCase.Login" name="testInvalid" time="0.001"/>
</testsuite> <!-- com.TestCase.Login -->
